2022年11月13日 22:10:35.538 Basic [CustomizeExtendsThread] INFO  org.example.thread.PrimeThread - 继承现场类的线程执行了...
2022年11月13日 22:10:35.538 Basic [Runnable-Thread] INFO  org.example.thread.PrimeRun - 实现Runnable接口的线程执行了...
2022年11月13日 22:22:24.867 Basic [main] INFO  org.example.thread.PrimeCallable - 实现Callable接口的线程执行了...
2022年11月13日 22:23:00.049 Basic [main] INFO  org.example.thread.PrimeCallable - 实现Callable接口的线程执行了...
2022年11月13日 22:23:44.633 Basic [main] INFO  org.example.thread.PrimeCallable - 实现Callable接口的线程执行了...
2022年11月13日 22:26:20.233 Basic [main] INFO  org.example.thread.PrimeCallable - 实现Callable接口的线程执行了...
2022年11月13日 22:28:58.205 Basic [main] INFO  org.example.thread.PrimeCallable - 实现Callable接口的线程执行了...
2022年11月13日 22:40:38.935 Basic [Thread-current] INFO  org.example.thread.ThreadCommon - Thread-currentRunning
2022年11月13日 22:40:56.574 Basic [Thread-current] INFO  org.example.thread.ThreadCommon - Thread-current Running
2022年11月13日 22:47:15.671 Basic [Thread-current] INFO  org.example.thread.ThreadCommon - Thread-current is Running
start sleep
2022年11月13日 22:47:20.685 Basic [Thread-current] INFO  org.example.thread.ThreadCommon - end sleep
2022年11月13日 22:48:16.841 Basic [Thread-current] INFO  org.example.thread.ThreadCommon - Thread-current is Running
start sleep
2022年11月13日 22:48:16.842 Basic [Thread-current] INFO  org.example.thread.ThreadCommon - start sleep...
2022年11月13日 22:48:21.852 Basic [Thread-current] INFO  org.example.thread.ThreadCommon - end sleep...
2022年11月13日 22:48:41.786 Basic [Thread-current] INFO  org.example.thread.ThreadCommon - Thread-current is Running...
2022年11月13日 22:48:41.788 Basic [Thread-current] INFO  org.example.thread.ThreadCommon - start sleep...
2022年11月13日 22:48:46.790 Basic [Thread-current] INFO  org.example.thread.ThreadCommon - end sleep...
2022年11月13日 22:55:47.885 Basic [main] INFO  org.example.thread.ThreadCommon - main is Running...
2022年11月13日 22:55:47.885 Basic [Thread-current] INFO  org.example.thread.ThreadCommon - Thread-current is Running...
2022年11月13日 22:55:47.886 Basic [Thread-current] INFO  org.example.thread.ThreadCommon - start sleep...
2022年11月13日 22:55:52.897 Basic [Thread-current] INFO  org.example.thread.ThreadCommon - end sleep...
2022年11月13日 22:55:52.898 Basic [main] INFO  org.example.thread.ThreadCommon - thread execution completed...
2022年11月13日 23:12:33.920 Basic [main] INFO  org.example.thread.ThreadCommon - current thread priority is 1
2022年11月13日 23:12:33.922 Basic [main] INFO  org.example.thread.ThreadCommon - main is Running...
2022年11月13日 23:12:33.922 Basic [Thread-current] INFO  org.example.thread.ThreadCommon - Thread-current is Running...
2022年11月13日 23:12:33.922 Basic [Thread-current] INFO  org.example.thread.ThreadCommon - start sleep...
2022年11月13日 23:12:38.924 Basic [Thread-current] INFO  org.example.thread.ThreadCommon - end sleep...
2022年11月13日 23:12:38.925 Basic [main] INFO  org.example.thread.ThreadCommon - thread execution completed...
